\BOOKMARK [1][-]{section.1}{\376\377\000I\000n\000t\000r\000o\000d\000u\000c\000t\000i\000o\000n}{}% 1
\BOOKMARK [1][-]{section.2}{\376\377\000B\000a\000c\000k\000g\000r\000o\000u\000n\000d}{}% 2
\BOOKMARK [2][-]{subsection.2.1}{\376\377\000N\000o\000t\000a\000t\000i\000o\000n}{section.2}% 3
\BOOKMARK [2][-]{subsection.2.2}{\376\377\000T\000h\000e\000\040\000t\000r\000a\000n\000s\000f\000o\000r\000m\000e\000r\000\040\000b\000l\000o\000c\000k}{section.2}% 4
\BOOKMARK [2][-]{subsection.2.3}{\376\377\000S\000u\000m\000c\000h\000e\000c\000k}{section.2}% 5
\BOOKMARK [2][-]{subsection.2.4}{\376\377\000H\000y\000r\000a\000x\000\040\000P\000C\000S}{section.2}% 6
\BOOKMARK [2][-]{subsection.2.5}{\376\377\000L\000a\000s\000s\000o}{section.2}% 7
\BOOKMARK [2][-]{subsection.2.6}{\376\377\000F\000i\000x\000e\000d\000-\000p\000o\000i\000n\000t\000\040\000e\000n\000c\000o\000d\000i\000n\000g}{section.2}% 8
\BOOKMARK [1][-]{section.3}{\376\377\000T\000h\000e\000\040\000-\000F\000o\000r\000m\000e\000r\000\040\000A\000r\000c\000h\000i\000t\000e\000c\000t\000u\000r\000e}{}% 9
\BOOKMARK [2][-]{subsection.3.1}{\376\377\000L\000e\000a\000r\000n\000a\000b\000l\000e\000\040\000L\000o\000o\000k\000u\000p\000\040\000A\000t\000t\000e\000n\000t\000i\000o\000n\000\040\000\050\000L\000L\000A\000\051}{section.3}% 10
\BOOKMARK [2][-]{subsection.3.2}{\376\377\000A\000d\000d\000i\000t\000i\000v\000e\000\040\000s\000u\000b\000-\000t\000a\000b\000l\000e\000\040\000f\000e\000a\000t\000u\000r\000e\000\040\000m\000a\000p}{section.3}% 11
\BOOKMARK [2][-]{subsection.3.3}{\376\377\000T\000e\000r\000n\000a\000r\000y\000\040\000p\000r\000o\000j\000e\000c\000t\000i\000o\000n\000s}{section.3}% 12
\BOOKMARK [2][-]{subsection.3.4}{\376\377\000C\000o\000n\000s\000t\000r\000a\000i\000n\000t\000-\000f\000u\000s\000e\000d\000\040\000L\000a\000y\000e\000r\000N\000o\000r\000m}{section.3}% 13
\BOOKMARK [2][-]{subsection.3.5}{\376\377\000G\000l\000o\000b\000a\000l\000l\000y\000\040\000b\000a\000t\000c\000h\000e\000d\000\040\000r\000a\000n\000g\000e\000\040\000p\000r\000o\000o\000f}{section.3}% 14
\BOOKMARK [1][-]{section.4}{\376\377\000T\000h\000e\000\040\000-\000F\000o\000r\000m\000e\000r\000\040\000P\000r\000o\000t\000o\000c\000o\000l}{}% 15
\BOOKMARK [2][-]{subsection.4.1}{\376\377\000P\000r\000e\000p\000r\000o\000c\000e\000s\000s\000i\000n\000g}{section.4}% 16
\BOOKMARK [2][-]{subsection.4.2}{\376\377\000T\000h\000e\000\040\000m\000o\000d\000e\000l\000-\000l\000e\000v\000e\000l\000\040\000p\000r\000o\000v\000e\000r}{section.4}% 17
\BOOKMARK [2][-]{subsection.4.3}{\376\377\000P\000e\000r\000-\000b\000l\000o\000c\000k\000\040\000P\000h\000a\000s\000e\000\040\0001}{section.4}% 18
\BOOKMARK [2][-]{subsection.4.4}{\376\377\000C\000r\000o\000s\000s\000-\000b\000l\000o\000c\000k\000\040\000b\000a\000t\000c\000h\000e\000d\000\040\000s\000u\000m\000c\000h\000e\000c\000k}{section.4}% 19
\BOOKMARK [2][-]{subsection.4.5}{\376\377\000C\000o\000n\000s\000t\000r\000a\000i\000n\000t\000-\000f\000u\000s\000e\000d\000\040\000L\000a\000y\000e\000r\000N\000o\000r\000m\000\040\000p\000r\000o\000v\000e\000r}{section.4}% 20
\BOOKMARK [2][-]{subsection.4.6}{\376\377\000T\000h\000e\000\040\000v\000e\000r\000i\000f\000i\000e\000r}{section.4}% 21
\BOOKMARK [1][-]{section.5}{\376\377\000S\000o\000u\000n\000d\000n\000e\000s\000s}{}% 22
\BOOKMARK [2][-]{subsection.5.1}{\376\377\000Z\000e\000r\000o\000\040\000k\000n\000o\000w\000l\000e\000d\000g\000e}{section.5}% 23
\BOOKMARK [1][-]{section.6}{\376\377\000I\000m\000p\000l\000e\000m\000e\000n\000t\000a\000t\000i\000o\000n}{}% 24
\BOOKMARK [1][-]{section.7}{\376\377\000D\000i\000s\000c\000u\000s\000s\000i\000o\000n\000\040\000a\000n\000d\000\040\000L\000i\000m\000i\000t\000a\000t\000i\000o\000n\000s}{}% 25
\BOOKMARK [1][-]{section.8}{\376\377\000R\000e\000l\000a\000t\000e\000d\000\040\000W\000o\000r\000k}{}% 26
\BOOKMARK [1][-]{section.9}{\376\377\000C\000o\000n\000c\000l\000u\000s\000i\000o\000n}{}% 27
